app/build/intermediates/manifest_merge_blame_file/debug/manifest-merger-blame-debug-report.txt
1<?xml version="1.0" encoding="utf-8"?>
2<manifest xmlns:android="http://schemas.android.com/apk/res/android"
3    package="com.imax.testapplication"
4    android:versionCode="1"
5    android:versionName="1.0" >
6
7    <uses-sdk
8        android:minSdkVersion="26"
8-->src/main/AndroidManifest.xml
9        android:targetSdkVersion="32" />
9-->src/main/AndroidManifest.xml
10
11    <uses-permission android:name="android.permission.ACCESS_NETWORK_STATE" />
11-->src/main/AndroidManifest.xml:6:5-79
11-->src/main/AndroidManifest.xml:6:22-76
12    <uses-permission android:name="android.permission.WRITE_EXTERNAL_STORAGE" />
12-->src/main/AndroidManifest.xml:7:5-9:40
12-->src/main/AndroidManifest.xml:8:9-65
13    <uses-permission android:name="android.permission.INTERNET" /> <!-- <uses-permission android:name="android.permission.ACCESS_WIFI_STATE" /> -->
13-->src/main/AndroidManifest.xml:10:5-67
13-->src/main/AndroidManifest.xml:10:22-64
14    <uses-permission android:name="android.permission.READ_EXTERNAL_STORAGE" /> <!-- V-OS -->
14-->src/main/AndroidManifest.xml:11:5-80
14-->src/main/AndroidManifest.xml:11:22-77
15    <queries>
15-->src/main/AndroidManifest.xml:12:5-16:15
16        <intent>
16-->src/main/AndroidManifest.xml:13:9-15:18
17            <action android:name="android.intent.action.MAIN" />
17-->src/main/AndroidManifest.xml:14:13-65
17-->src/main/AndroidManifest.xml:14:21-62
18        </intent>
19    </queries>
20
21    <application
21-->src/main/AndroidManifest.xml:18:5-43:19
22        android:allowBackup="true"
22-->src/main/AndroidManifest.xml:19:9-35
23        android:appComponentFactory="androidx.core.app.CoreComponentFactory"
23-->[androidx.core:core:1.8.0] AndroidManifest.xml:24:18-86
24        android:dataExtractionRules="@xml/data_extraction_rules"
24-->src/main/AndroidManifest.xml:20:9-65
25        android:debuggable="true"
26        android:extractNativeLibs="false"
27        android:fullBackupContent="@xml/backup_rules"
27-->src/main/AndroidManifest.xml:21:9-54
28        android:icon="@mipmap/ic_launcher"
28-->src/main/AndroidManifest.xml:22:9-43
29        android:label="@string/app_name"
29-->src/main/AndroidManifest.xml:23:9-41
30        android:networkSecurityConfig="@xml/network_security_config"
30-->src/main/AndroidManifest.xml:24:9-69
31        android:requestLegacyExternalStorage="true"
31-->src/main/AndroidManifest.xml:25:9-52
32        android:roundIcon="@mipmap/ic_launcher_round"
32-->src/main/AndroidManifest.xml:26:9-54
33        android:supportsRtl="true"
33-->src/main/AndroidManifest.xml:27:9-35
34        android:testOnly="true"
35        android:theme="@style/Theme.TestApplication"
35-->src/main/AndroidManifest.xml:28:9-53
36        android:usesCleartextTraffic="true" >
36-->src/main/AndroidManifest.xml:29:9-44
37        <activity
37-->src/main/AndroidManifest.xml:31:9-33:59
38            android:name="com.imax.testapplication.ui.activity.TabMenuActivity"
38-->src/main/AndroidManifest.xml:32:13-56
39            android:theme="@style/AppTheme.NoActionBar" />
39-->src/main/AndroidManifest.xml:33:13-56
40        <activity
40-->src/main/AndroidManifest.xml:34:9-42:20
41            android:name="com.imax.testapplication.ui.activity.MainActivity"
41-->src/main/AndroidManifest.xml:35:13-53
42            android:exported="true" >
42-->src/main/AndroidManifest.xml:36:13-36
43            <intent-filter>
43-->src/main/AndroidManifest.xml:37:13-41:29
44                <action android:name="android.intent.action.MAIN" />
44-->src/main/AndroidManifest.xml:14:13-65
44-->src/main/AndroidManifest.xml:14:21-62
45
46                <category android:name="android.intent.category.LAUNCHER" />
46-->src/main/AndroidManifest.xml:40:17-77
46-->src/main/AndroidManifest.xml:40:27-74
47            </intent-filter>
48        </activity>
49
50        <provider
50-->[androidx.emoji2:emoji2:1.0.0] AndroidManifest.xml:26:9-34:20
51            android:name="androidx.startup.InitializationProvider"
51-->[androidx.emoji2:emoji2:1.0.0] AndroidManifest.xml:27:13-67
52            android:authorities="com.imax.testapplication.androidx-startup"
52-->[androidx.emoji2:emoji2:1.0.0] AndroidManifest.xml:28:13-68
53            android:exported="false" >
53-->[androidx.emoji2:emoji2:1.0.0] AndroidManifest.xml:29:13-37
54            <meta-data
54-->[androidx.emoji2:emoji2:1.0.0] AndroidManifest.xml:31:13-33:52
55                android:name="androidx.emoji2.text.EmojiCompatInitializer"
55-->[androidx.emoji2:emoji2:1.0.0] AndroidManifest.xml:32:17-75
56                android:value="androidx.startup" />
56-->[androidx.emoji2:emoji2:1.0.0] AndroidManifest.xml:33:17-49
57            <meta-data
57-->[androidx.lifecycle:lifecycle-process:2.4.0] AndroidManifest.xml:31:13-33:52
58                android:name="androidx.lifecycle.ProcessLifecycleInitializer"
58-->[androidx.lifecycle:lifecycle-process:2.4.0] AndroidManifest.xml:32:17-78
59                android:value="androidx.startup" />
59-->[androidx.lifecycle:lifecycle-process:2.4.0] AndroidManifest.xml:33:17-49
60        </provider>
61    </application>
62
63</manifest>